[debug] [2018-12-03T05:34:36.921Z] ----------------------------------------------------------------------
[debug] [2018-12-03T05:34:36.926Z] Command:       C:\Program Files\nodejs\node.exe C:\Users\Administrator\AppData\Roaming\npm\node_modules\firebase-tools\bin\firebase serve
[debug] [2018-12-03T05:34:36.926Z] CLI Version:   5.1.1
[debug] [2018-12-03T05:34:36.926Z] Platform:      win32
[debug] [2018-12-03T05:34:36.926Z] Node Version:  v8.12.0
[debug] [2018-12-03T05:34:36.928Z] Time:          Mon Dec 03 2018 14:34:36 GMT+0900 (대한민국 표준시)
[debug] [2018-12-03T05:34:36.928Z] ----------------------------------------------------------------------
[debug] 
[debug] [2018-12-03T05:34:36.953Z] > command requires scopes: ["email","openid","https://www.googleapis.com/auth/cloudplatformprojects.readonly","https://www.googleapis.com/auth/firebase","https://www.googleapis.com/auth/cloud-platform"]
[debug] [2018-12-03T05:34:36.954Z] > authorizing via signed-in user
[debug] [2018-12-03T05:34:36.954Z] [iam] checking project jangyh0722-mall for permissions ["firebase.projects.get"]
[debug] [2018-12-03T05:34:36.957Z] > refreshing access token with scopes: ["email","https://www.googleapis.com/auth/cloud-platform","https://www.googleapis.com/auth/cloudplatformprojects.readonly","https://www.googleapis.com/auth/firebase","openid"]
[debug] [2018-12-03T05:34:36.958Z] >>> HTTP REQUEST POST https://www.googleapis.com/oauth2/v3/token  
 <request body omitted>
[debug] [2018-12-03T05:34:37.337Z] <<< HTTP RESPONSE 200
[debug] [2018-12-03T05:34:37.351Z] >>> HTTP REQUEST POST https://cloudresourcemanager.googleapis.com/v1/projects/jangyh0722-mall:testIamPermissions  

[debug] [2018-12-03T05:34:38.556Z] <<< HTTP RESPONSE 200
[debug] [2018-12-03T05:34:38.561Z] >>> HTTP REQUEST GET https://cloudresourcemanager.googleapis.com/v1/projects/jangyh0722-mall  
 
[debug] [2018-12-03T05:34:39.702Z] <<< HTTP RESPONSE 200
[info] 
[info] === Serving from 'D:\fbroot_깃 업로드181116\site2'...
[info] 
[info] i  functions: Preparing to emulate functions.
[debug] [2018-12-03T05:34:42.893Z] Fetching environment
[debug] [2018-12-03T05:34:42.898Z] >>> HTTP REQUEST GET https://mobilesdk-pa.googleapis.com/v1/projects/383656927633:getServerAppConfig  
 
[debug] [2018-12-03T05:34:42.899Z] >>> HTTP REQUEST GET https://mobilesdk-pa.googleapis.com/v1/projects/383656927633/clients/_:getWebAppConfig  
 
[debug] [2018-12-03T05:34:43.460Z] <<< HTTP RESPONSE 200
[debug] [2018-12-03T05:34:43.461Z] Starting @google-cloud/functions-emulator
[debug] [2018-12-03T05:34:43.686Z] <<< HTTP RESPONSE 200
[warn] !  hosting: Port 5000 is not available. Trying another port...
[info] i  hosting: Serving hosting files from: public
[info] +  hosting: Local server: http://localhost:5005
[debug] [2018-12-03T05:34:47.534Z] Parsing function triggers
[info] i  functions: No HTTPS functions found. Use firebase functions:shell if you would like to emulate other types of functions.
